2024-01-21 22:30:23,983 INFO     Preprocessing and training with input=data/raw/2024.xml.bz2, year=2024, load=False, filtered=False, seed=0
2024-01-21 22:30:23,983 INFO     Trying to create corpus with file: data/raw/2024.xml.bz2
2024-01-21 22:33:00,384 INFO     finished iterating over Wikipedia corpus of 1244 documents with 4742665 positions (total 27378 articles, 4746566 positions before pruning articles shorter than 50 words)
2024-01-21 22:33:00,398 INFO     Total articles: 1244
2024-01-21 22:33:00,402 INFO     collecting all words and their counts
2024-01-21 22:33:00,404 INFO     PROGRESS: at sentence #0, processed 0 words, keeping 0 word types
2024-01-21 22:33:01,059 INFO     pruned out 0 tokens with count <=1 (before 100001, after 100001)
2024-01-21 22:33:01,073 INFO     pruned out 42534 tokens with count <=2 (before 100111, after 57577)
2024-01-21 22:33:01,236 INFO     collected 74513 word types from a corpus of 4742665 raw words and 1326 sentences
2024-01-21 22:33:01,236 INFO     Creating a fresh vocabulary
2024-01-21 22:33:01,290 INFO     Word2Vec lifecycle event {'msg': 'effective_min_count=5 retains 35189 unique words (47.23% of original 74513, drops 39324)', 'datetime': '2024-01-21T22:33:01.290700', 'gensim': '4.3.2', 'python': '3.11.5 (main, Sep 11 2023, 08:31:25) [Clang 14.0.6 ]', 'platform': 'macOS-14.2.1-arm64-arm-64bit', 'event': 'prepare_vocab'}
2024-01-21 22:33:01,290 INFO     Word2Vec lifecycle event {'msg': 'effective_min_count=5 leaves 4615659 word corpus (98.20% of original 4700131, drops 84472)', 'datetime': '2024-01-21T22:33:01.290800', 'gensim': '4.3.2', 'python': '3.11.5 (main, Sep 11 2023, 08:31:25) [Clang 14.0.6 ]', 'platform': 'macOS-14.2.1-arm64-arm-64bit', 'event': 'prepare_vocab'}
2024-01-21 22:33:01,371 INFO     deleting the raw counts dictionary of 74513 items
2024-01-21 22:33:01,372 INFO     sample=0 downsamples 0 most-common words
2024-01-21 22:33:01,372 INFO     Word2Vec lifecycle event {'msg': 'downsampling leaves estimated 4615659 word corpus (100.0%% of prior 4615659)', 'datetime': '2024-01-21T22:33:01.372826', 'gensim': '4.3.2', 'python': '3.11.5 (main, Sep 11 2023, 08:31:25) [Clang 14.0.6 ]', 'platform': 'macOS-14.2.1-arm64-arm-64bit', 'event': 'prepare_vocab'}
2024-01-21 22:33:01,517 INFO     estimated required memory for 35189 words and 100 dimensions: 45745700 bytes
2024-01-21 22:33:01,517 INFO     resetting layer weights
2024-01-21 22:33:01,532 INFO     Word2Vec lifecycle event {'update': False, 'trim_rule': 'None', 'datetime': '2024-01-21T22:33:01.532566', 'gensim': '4.3.2', 'python': '3.11.5 (main, Sep 11 2023, 08:31:25) [Clang 14.0.6 ]', 'platform': 'macOS-14.2.1-arm64-arm-64bit', 'event': 'build_vocab'}
2024-01-21 22:33:01,532 INFO     Word2Vec lifecycle event {'msg': 'training model with 3 workers on 35189 vocabulary and 100 features, using sg=0 hs=0 sample=0 negative=5 window=5 shrink_windows=True', 'datetime': '2024-01-21T22:33:01.532634', 'gensim': '4.3.2', 'python': '3.11.5 (main, Sep 11 2023, 08:31:25) [Clang 14.0.6 ]', 'platform': 'macOS-14.2.1-arm64-arm-64bit', 'event': 'train'}
2024-01-21 22:33:02,537 INFO     EPOCH 0 - PROGRESS: at 33.71% examples, 1617968 words/s, in_qsize 5, out_qsize 0
2024-01-21 22:33:03,541 INFO     EPOCH 0 - PROGRESS: at 64.56% examples, 1552424 words/s, in_qsize 5, out_qsize 0
2024-01-21 22:33:04,489 INFO     EPOCH 0: training on 4742665 raw words (4615910 effective words) took 3.0s, 1561531 effective words/s
2024-01-21 22:33:05,494 INFO     EPOCH 1 - PROGRESS: at 32.81% examples, 1567588 words/s, in_qsize 5, out_qsize 0
2024-01-21 22:33:06,497 INFO     EPOCH 1 - PROGRESS: at 65.61% examples, 1575332 words/s, in_qsize 5, out_qsize 0
2024-01-21 22:33:07,407 INFO     EPOCH 1: training on 4742665 raw words (4615910 effective words) took 2.9s, 1581786 effective words/s
2024-01-21 22:33:07,408 INFO     Word2Vec lifecycle event {'msg': 'training on 9485330 raw words (9231820 effective words) took 5.9s, 1571274 effective words/s', 'datetime': '2024-01-21T22:33:07.408075', 'gensim': '4.3.2', 'python': '3.11.5 (main, Sep 11 2023, 08:31:25) [Clang 14.0.6 ]', 'platform': 'macOS-14.2.1-arm64-arm-64bit', 'event': 'train'}
2024-01-21 22:33:07,408 INFO     Word2Vec lifecycle event {'params': 'Word2Vec<vocab=35189, vector_size=100, alpha=0.025>', 'datetime': '2024-01-21T22:33:07.408182', 'gensim': '4.3.2', 'python': '3.11.5 (main, Sep 11 2023, 08:31:25) [Clang 14.0.6 ]', 'platform': 'macOS-14.2.1-arm64-arm-64bit', 'event': 'created'}
2024-01-21 22:33:07,411 INFO     Word2Vec lifecycle event {'fname_or_handle': 'data/models/regular/iter2/2024_iter2', 'separately': 'None', 'sep_limit': 10485760, 'ignore': frozenset(), 'datetime': '2024-01-21T22:33:07.411915', 'gensim': '4.3.2', 'python': '3.11.5 (main, Sep 11 2023, 08:31:25) [Clang 14.0.6 ]', 'platform': 'macOS-14.2.1-arm64-arm-64bit', 'event': 'saving'}
2024-01-21 22:33:07,412 INFO     not storing attribute cum_table
2024-01-21 22:33:07,445 INFO     saved data/models/regular/iter2/2024_iter2
