2024-01-21 17:45:46,868 INFO     Preprocessing and training with input=data/raw/2010.xml.bz2, year=2010, load=False, filtered=True, seed=0
2024-01-21 17:45:46,868 INFO     Trying to create corpus with file: data/raw/2010.xml.bz2
2024-01-21 17:45:46,868 INFO     Saving pageid - 2010
2024-01-21 17:45:49,648 INFO     Saved 0 pageids
2024-01-21 17:46:32,629 INFO     Saved 10000 pageids
2024-01-21 17:47:09,335 INFO     Saved 20000 pageids
2024-01-21 17:47:38,007 INFO     Saved 30000 pageids
2024-01-21 17:48:05,258 INFO     Saved 40000 pageids
2024-01-21 17:48:24,608 INFO     Saved 50000 pageids
2024-01-21 17:48:36,816 INFO     Saved 60000 pageids
2024-01-21 17:48:47,090 INFO     Saved 70000 pageids
2024-01-21 17:48:57,212 INFO     Saved 80000 pageids
2024-01-21 17:49:18,014 INFO     Saved 90000 pageids
2024-01-21 17:49:42,443 INFO     Saved 100000 pageids
2024-01-21 17:50:04,709 INFO     Saved 110000 pageids
2024-01-21 17:50:27,054 INFO     Saved 120000 pageids
2024-01-21 17:50:46,991 INFO     Saved 130000 pageids
2024-01-21 17:51:09,124 INFO     Saved 140000 pageids
2024-01-21 17:51:29,029 INFO     Saved 150000 pageids
2024-01-21 17:51:49,085 INFO     Saved 160000 pageids
2024-01-21 17:52:08,283 INFO     Saved 170000 pageids
2024-01-21 17:52:26,865 INFO     Saved 180000 pageids
2024-01-21 17:52:45,293 INFO     Saved 190000 pageids
2024-01-21 17:53:02,839 INFO     Saved 200000 pageids
2024-01-21 17:53:21,502 INFO     Saved 210000 pageids
2024-01-21 17:53:39,245 INFO     Saved 220000 pageids
2024-01-21 17:53:57,047 INFO     Saved 230000 pageids
2024-01-21 17:54:15,112 INFO     Saved 240000 pageids
2024-01-21 17:54:34,020 INFO     Saved 250000 pageids
2024-01-21 17:54:50,601 INFO     Saved 260000 pageids
2024-01-21 17:55:07,423 INFO     Saved 270000 pageids
2024-01-21 17:55:25,664 INFO     Saved 280000 pageids
2024-01-21 17:55:41,592 INFO     Saved 290000 pageids
2024-01-21 17:55:57,838 INFO     Saved 300000 pageids
2024-01-21 17:56:13,615 INFO     Saved 310000 pageids
2024-01-21 17:56:30,387 INFO     Saved 320000 pageids
2024-01-21 17:56:46,640 INFO     Saved 330000 pageids
2024-01-21 17:57:02,056 INFO     Saved 340000 pageids
2024-01-21 17:57:17,389 INFO     Saved 350000 pageids
2024-01-21 17:57:31,944 INFO     Saved 360000 pageids
2024-01-21 17:57:46,541 INFO     Saved 370000 pageids
2024-01-21 17:58:01,223 INFO     Saved 380000 pageids
2024-01-21 17:58:17,069 INFO     Saved 390000 pageids
2024-01-21 17:58:31,572 INFO     Saved 400000 pageids
2024-01-21 17:58:46,139 INFO     Saved 410000 pageids
2024-01-21 17:59:01,774 INFO     Saved 420000 pageids
2024-01-21 17:59:16,613 INFO     Saved 430000 pageids
2024-01-21 17:59:31,870 INFO     Saved 440000 pageids
2024-01-21 17:59:46,251 INFO     Saved 450000 pageids
2024-01-21 18:00:00,764 INFO     Saved 460000 pageids
2024-01-21 18:00:15,896 INFO     Saved 470000 pageids
2024-01-21 18:00:30,471 INFO     Saved 480000 pageids
2024-01-21 18:00:45,098 INFO     Saved 490000 pageids
2024-01-21 18:00:59,646 INFO     Saved 500000 pageids
2024-01-21 18:01:14,118 INFO     Saved 510000 pageids
2024-01-21 18:01:28,075 INFO     Saved 520000 pageids
2024-01-21 18:01:42,637 INFO     Saved 530000 pageids
2024-01-21 18:01:57,966 INFO     Saved 540000 pageids
2024-01-21 18:02:11,929 INFO     Saved 550000 pageids
2024-01-21 18:02:26,412 INFO     Saved 560000 pageids
2024-01-21 18:02:40,640 INFO     Saved 570000 pageids
2024-01-21 18:02:54,226 INFO     Saved 580000 pageids
2024-01-21 18:03:08,432 INFO     Saved 590000 pageids
2024-01-21 18:03:22,551 INFO     Saved 600000 pageids
2024-01-21 18:03:36,317 INFO     Saved 610000 pageids
2024-01-21 18:03:49,517 INFO     Saved 620000 pageids
2024-01-21 18:04:03,537 INFO     Saved 630000 pageids
2024-01-21 18:04:16,596 INFO     Saved 640000 pageids
2024-01-21 18:04:31,259 INFO     Saved 650000 pageids
2024-01-21 18:04:45,706 INFO     Saved 660000 pageids
2024-01-21 18:05:00,582 INFO     Saved 670000 pageids
2024-01-21 18:05:13,639 INFO     Saved 680000 pageids
2024-01-21 18:05:25,965 INFO     Saved 690000 pageids
2024-01-21 18:05:39,252 INFO     Saved 700000 pageids
2024-01-21 18:05:53,502 INFO     Saved 710000 pageids
2024-01-21 18:06:06,375 INFO     Saved 720000 pageids
2024-01-21 18:06:19,795 INFO     Saved 730000 pageids
2024-01-21 18:06:33,379 INFO     Saved 740000 pageids
2024-01-21 18:06:48,287 INFO     Saved 750000 pageids
2024-01-21 18:07:02,485 INFO     Saved 760000 pageids
2024-01-21 18:07:17,167 INFO     Saved 770000 pageids
2024-01-21 18:07:31,203 INFO     Saved 780000 pageids
2024-01-21 18:07:46,942 INFO     Saved 790000 pageids
2024-01-21 18:08:00,256 INFO     Saved 800000 pageids
2024-01-21 18:08:14,202 INFO     Saved 810000 pageids
2024-01-21 18:08:28,259 INFO     Saved 820000 pageids
2024-01-21 18:08:43,092 INFO     Saved 830000 pageids
2024-01-21 18:08:58,152 INFO     Saved 840000 pageids
2024-01-21 18:09:11,628 INFO     Saved 850000 pageids
2024-01-21 18:09:25,178 INFO     Saved 860000 pageids
2024-01-21 18:09:40,072 INFO     Saved 870000 pageids
2024-01-21 18:09:53,899 INFO     Saved 880000 pageids
2024-01-21 18:10:07,363 INFO     Saved 890000 pageids
2024-01-21 18:10:20,972 INFO     Saved 900000 pageids
2024-01-21 18:10:35,022 INFO     Saved 910000 pageids
2024-01-21 18:10:49,670 INFO     Saved 920000 pageids
2024-01-21 18:11:03,052 INFO     Saved 930000 pageids
2024-01-21 18:11:16,713 INFO     Saved 940000 pageids
2024-01-21 18:11:30,173 INFO     Saved 950000 pageids
2024-01-21 18:11:46,201 INFO     Saved 960000 pageids
2024-01-21 18:11:59,933 INFO     Saved 970000 pageids
2024-01-21 18:12:12,771 INFO     Saved 980000 pageids
2024-01-21 18:12:27,102 INFO     Saved 990000 pageids
2024-01-21 18:12:41,315 INFO     Saved 1000000 pageids
2024-01-21 18:12:56,904 INFO     Saved 1010000 pageids
2024-01-21 18:13:10,807 INFO     Saved 1020000 pageids
2024-01-21 18:13:23,468 INFO     Saved 1030000 pageids
2024-01-21 18:13:36,679 INFO     Saved 1040000 pageids
2024-01-21 18:13:49,340 INFO     Saved 1050000 pageids
2024-01-21 18:14:04,311 INFO     Saved 1060000 pageids
2024-01-21 18:14:18,530 INFO     Saved 1070000 pageids
2024-01-21 18:14:32,623 INFO     Saved 1080000 pageids
2024-01-21 18:14:46,313 INFO     Saved 1090000 pageids
2024-01-21 18:15:02,763 INFO     Saved 1100000 pageids
2024-01-21 18:15:17,852 INFO     Saved 1110000 pageids
2024-01-21 18:15:31,501 INFO     Saved 1120000 pageids
2024-01-21 18:15:44,760 INFO     Saved 1130000 pageids
2024-01-21 18:15:57,843 INFO     Saved 1140000 pageids
2024-01-21 18:16:10,803 INFO     Saved 1150000 pageids
2024-01-21 18:16:25,198 INFO     Saved 1160000 pageids
2024-01-21 18:16:39,995 INFO     Saved 1170000 pageids
2024-01-21 18:16:54,304 INFO     Saved 1180000 pageids
2024-01-21 18:17:08,855 INFO     Saved 1190000 pageids
2024-01-21 18:17:22,403 INFO     Saved 1200000 pageids
2024-01-21 18:17:36,113 INFO     Saved 1210000 pageids
2024-01-21 18:17:50,849 INFO     Saved 1220000 pageids
2024-01-21 18:18:04,341 INFO     Saved 1230000 pageids
2024-01-21 18:18:18,841 INFO     Saved 1240000 pageids
2024-01-21 18:18:32,179 INFO     Saved 1250000 pageids
2024-01-21 18:18:47,549 INFO     Saved 1260000 pageids
2024-01-21 18:19:01,906 INFO     Saved 1270000 pageids
2024-01-21 18:19:17,164 INFO     Saved 1280000 pageids
2024-01-21 18:19:32,199 INFO     Saved 1290000 pageids
2024-01-21 18:19:49,076 INFO     Saved 1300000 pageids
2024-01-21 18:20:03,233 INFO     Saved 1310000 pageids
2024-01-21 18:20:19,822 INFO     Saved 1320000 pageids
2024-01-21 18:20:36,346 INFO     Saved 1330000 pageids
2024-01-21 18:20:51,148 INFO     Saved 1340000 pageids
2024-01-21 18:21:06,993 INFO     Saved 1350000 pageids
2024-01-21 18:21:21,562 INFO     Saved 1360000 pageids
2024-01-21 18:21:36,800 INFO     Saved 1370000 pageids
2024-01-21 18:21:51,005 INFO     Saved 1380000 pageids
2024-01-21 18:22:05,301 INFO     Saved 1390000 pageids
2024-01-21 18:22:20,508 INFO     Saved 1400000 pageids
2024-01-21 18:22:37,354 INFO     Saved 1410000 pageids
2024-01-21 18:22:53,700 INFO     Saved 1420000 pageids
2024-01-21 18:23:09,226 INFO     Saved 1430000 pageids
2024-01-21 18:23:24,696 INFO     Saved 1440000 pageids
2024-01-21 18:23:40,388 INFO     Saved 1450000 pageids
2024-01-21 18:23:56,069 INFO     Saved 1460000 pageids
2024-01-21 18:24:13,119 INFO     Saved 1470000 pageids
2024-01-21 18:24:30,937 INFO     Saved 1480000 pageids
2024-01-21 18:24:49,804 INFO     Saved 1490000 pageids
2024-01-21 18:25:05,591 INFO     Saved 1500000 pageids
2024-01-21 18:25:21,397 INFO     Saved 1510000 pageids
2024-01-21 18:25:38,665 INFO     Saved 1520000 pageids
2024-01-21 18:25:54,044 INFO     Saved 1530000 pageids
2024-01-21 18:26:07,467 INFO     Saved 1540000 pageids
2024-01-21 18:26:24,107 INFO     Saved 1550000 pageids
2024-01-21 18:26:42,346 INFO     Saved 1560000 pageids
2024-01-21 18:26:58,627 INFO     Saved 1570000 pageids
2024-01-21 18:27:15,914 INFO     Saved 1580000 pageids
2024-01-21 18:27:37,452 INFO     Saved 1590000 pageids
2024-01-21 18:27:54,977 INFO     Saved 1600000 pageids
2024-01-21 18:28:06,716 INFO     Saved 1610000 pageids
2024-01-21 18:28:21,947 INFO     Saved 1620000 pageids
2024-01-21 18:28:38,780 INFO     Saved 1630000 pageids
2024-01-21 18:28:54,364 INFO     Saved 1640000 pageids
2024-01-21 18:29:11,032 INFO     Saved 1650000 pageids
2024-01-21 18:29:29,723 INFO     Saved 1660000 pageids
2024-01-21 18:29:50,012 INFO     Saved 1670000 pageids
2024-01-21 18:30:08,317 INFO     Saved 1680000 pageids
2024-01-21 18:30:26,240 INFO     Saved 1690000 pageids
2024-01-21 18:30:45,461 INFO     Saved 1700000 pageids
2024-01-21 18:31:04,450 INFO     Saved 1710000 pageids
2024-01-21 18:31:21,548 INFO     Saved 1720000 pageids
2024-01-21 18:31:42,734 INFO     Saved 1730000 pageids
2024-01-21 18:31:59,394 INFO     Saved 1740000 pageids
2024-01-21 18:32:18,388 INFO     Saved 1750000 pageids
2024-01-21 18:32:38,892 INFO     Saved 1760000 pageids
2024-01-21 18:33:00,973 INFO     Saved 1770000 pageids
2024-01-21 18:33:23,989 INFO     Saved 1780000 pageids
2024-01-21 18:33:47,411 INFO     Saved 1790000 pageids
2024-01-21 18:34:07,999 INFO     Saved 1800000 pageids
2024-01-21 18:34:27,275 INFO     Saved 1810000 pageids
2024-01-21 18:34:46,101 INFO     Saved 1820000 pageids
2024-01-21 18:35:05,040 INFO     Saved 1830000 pageids
2024-01-21 18:35:25,220 INFO     Saved 1840000 pageids
2024-01-21 18:35:46,276 INFO     Saved 1850000 pageids
2024-01-21 18:36:04,799 INFO     Saved 1860000 pageids
2024-01-21 18:36:22,734 INFO     Saved 1870000 pageids
2024-01-21 18:36:44,306 INFO     Saved 1880000 pageids
2024-01-21 18:37:09,644 INFO     Saved 1890000 pageids
2024-01-21 18:37:29,641 INFO     Saved 1900000 pageids
2024-01-21 18:37:47,205 INFO     Saved 1910000 pageids
2024-01-21 18:38:05,916 INFO     Saved 1920000 pageids
2024-01-21 18:38:23,851 INFO     Saved 1930000 pageids
2024-01-21 18:38:42,522 INFO     Saved 1940000 pageids
2024-01-21 18:39:00,370 INFO     Saved 1950000 pageids
2024-01-21 18:39:18,820 INFO     Saved 1960000 pageids
2024-01-21 18:39:39,170 INFO     Saved 1970000 pageids
2024-01-21 18:39:58,074 INFO     Saved 1980000 pageids
2024-01-21 18:40:17,234 INFO     Saved 1990000 pageids
2024-01-21 18:40:39,202 INFO     Saved 2000000 pageids
2024-01-21 18:40:58,425 INFO     Saved 2010000 pageids
2024-01-21 18:41:15,921 INFO     Saved 2020000 pageids
2024-01-21 18:41:34,739 INFO     Saved 2030000 pageids
2024-01-21 18:41:53,699 INFO     Saved 2040000 pageids
2024-01-21 18:42:15,307 INFO     Saved 2050000 pageids
2024-01-21 18:42:36,385 INFO     Saved 2060000 pageids
2024-01-21 18:42:54,914 INFO     Saved 2070000 pageids
2024-01-21 18:43:14,337 INFO     Saved 2080000 pageids
2024-01-21 18:43:35,523 INFO     Saved 2090000 pageids
2024-01-21 18:43:56,313 INFO     Saved 2100000 pageids
2024-01-21 18:44:16,171 INFO     Saved 2110000 pageids
2024-01-21 18:44:35,201 INFO     Saved 2120000 pageids
2024-01-21 18:44:54,258 INFO     Saved 2130000 pageids
2024-01-21 18:45:12,493 INFO     Saved 2140000 pageids
2024-01-21 18:45:33,802 INFO     Saved 2150000 pageids
2024-01-21 18:45:53,414 INFO     Saved 2160000 pageids
2024-01-21 18:46:12,384 INFO     Saved 2170000 pageids
2024-01-21 18:46:32,619 INFO     Saved 2180000 pageids
2024-01-21 18:46:50,510 INFO     Saved 2190000 pageids
2024-01-21 18:47:10,572 INFO     Saved 2200000 pageids
2024-01-21 18:47:28,825 INFO     Saved 2210000 pageids
2024-01-21 18:47:43,650 INFO     Saved 2220000 pageids
2024-01-21 18:48:01,481 INFO     Saved 2230000 pageids
2024-01-21 18:48:18,151 INFO     Saved 2240000 pageids
2024-01-21 18:48:34,903 INFO     Saved 2250000 pageids
2024-01-21 18:48:54,874 INFO     Saved 2260000 pageids
2024-01-21 18:49:14,380 INFO     Saved 2270000 pageids
2024-01-21 18:49:34,053 INFO     Saved 2280000 pageids
2024-01-21 18:49:56,665 INFO     Saved 2290000 pageids
2024-01-21 18:50:16,430 INFO     Saved 2300000 pageids
2024-01-21 18:50:34,609 INFO     Saved 2310000 pageids
2024-01-21 18:50:54,734 INFO     Saved 2320000 pageids
2024-01-21 18:51:15,645 INFO     Saved 2330000 pageids
2024-01-21 18:51:39,139 INFO     Saved 2340000 pageids
2024-01-21 18:52:01,457 INFO     Saved 2350000 pageids
2024-01-21 18:52:20,124 INFO     Saved 2360000 pageids
2024-01-21 18:52:40,425 INFO     Saved 2370000 pageids
2024-01-21 18:53:00,029 INFO     Saved 2380000 pageids
2024-01-21 18:53:17,828 INFO     Saved 2390000 pageids
2024-01-21 18:53:33,419 INFO     Saved 2400000 pageids
2024-01-21 18:53:53,353 INFO     Saved 2410000 pageids
2024-01-21 18:54:13,595 INFO     Saved 2420000 pageids
2024-01-21 18:54:33,082 INFO     Saved 2430000 pageids
2024-01-21 18:54:53,213 INFO     Saved 2440000 pageids
2024-01-21 18:55:12,381 INFO     Saved 2450000 pageids
2024-01-21 18:55:34,418 INFO     Saved 2460000 pageids
2024-01-21 18:55:53,981 INFO     Saved 2470000 pageids
2024-01-21 18:56:14,734 INFO     Saved 2480000 pageids
2024-01-21 18:56:33,836 INFO     Saved 2490000 pageids
2024-01-21 18:56:55,874 INFO     Saved 2500000 pageids
2024-01-21 18:57:14,633 INFO     Saved 2510000 pageids
2024-01-21 18:57:32,743 INFO     Saved 2520000 pageids
2024-01-21 18:57:52,066 INFO     Saved 2530000 pageids
2024-01-21 18:58:09,063 INFO     Saved 2540000 pageids
2024-01-21 18:58:27,289 INFO     Saved 2550000 pageids
2024-01-21 18:58:38,636 INFO     finished iterating over Wikipedia corpus of 2557330 documents with 1238328709 positions (total 9654328 articles, 1726033223 positions before pruning articles shorter than 50 words)
2024-01-21 18:58:38,672 INFO     DONE: counted 2557330 pageids
2024-01-21 18:58:38,716 INFO     DONE: Saved 2557330 pageids
